 (-9.554639009994186694e+00+7.097839322892243175e+00j)
 (2.003010532490620932e+01+8.832755344477537518e-01j)
 (-2.550381919341869974e+01+3.871744262123292479e+00j)
 (7.454123997937836066e+01+6.828039999814845373e+01j)
 (1.208102957863118263e+02-2.102513873597923677e+01j)
 (8.493664383069695134e+01+1.291153306883078642e+02j)
 (1.004272445663395956e+02+5.175323665233869663e-01j)
 (9.566952628105929080e+01+7.195985744210133817e+01j)
 (3.912052309317360699e+00+1.334559932401997528e+01j)
 (-3.370859803667568766e+00-4.075004553699818644e+01j)
 (-3.876485376779655212e+01+5.761258206299106632e+01j)
 (8.355196804679189881e+01-2.369416252495257709e+02j)
 (-8.119001424590254601e+02-4.833703486953543234e+02j)
 (1.814966235309648255e+02-3.543543921000614318e+02j)
 (-5.717500355370672196e+02-4.625502062112105932e+02j)
 (-1.350034625758042921e+02-4.289237235018647993e+02j)
 (1.851824679587571154e+01-3.967992221967928668e-01j)
 (-2.768592037224970070e+01+2.122850544496458269e+00j)
 (1.102845612337311394e+02+1.098882155982694115e+02j)
 (1.863358728692625732e+02-3.110766771289304984e+02j)
 (-1.135637766757719191e+03-1.911252489243702257e+02j)
 (2.322441511189207972e+02-4.766325165744915466e+02j)
 (-7.677091613721116801e+02-3.001068190796169119e+02j)
 (-1.779207217311300155e+02-4.458356053172900602e+02j)
 (-2.610344126596982406e+01-3.769582745108957056e+01j)
 (5.935319221916925514e+00+6.354024124133579932e+01j)
 (-4.480135894003070263e+01-3.303341147530872490e+02j)
 (-7.703753842441649340e+02-4.085923910803432477e+02j)
 (3.443263253076937644e+02-4.730742016270351655e+02j)
 (-6.699956404509214281e+02-3.519948385029143196e+02j)
 (1.362954223551300856e+02-4.818633868813943195e+02j)
 (-2.695459320128478566e+02-4.399483122957570345e+02j)
 (-3.713714451677086714e+01+1.845916236356395501e+01j)
 (1.715383648173495885e+02+9.287909278843658001e+01j)
 (8.112520875410837107e+01-4.175517919850345834e+02j)
 (-1.037418918312246205e+03-2.073652990885484257e+02j)
 (3.028141148004638126e+02-4.672498715822116537e+02j)
 (-9.840186079483870571e+02-2.317734168382651205e+02j)
 (7.032681172941379089e+01-4.735343179322429137e+02j)
 (-4.573468004352642993e+02-3.888061397181024859e+02j)
 (5.214486299747838416e+01+5.167547628650127223e+01j)
 (-1.993988127280568108e+02-4.107428331295935209e+02j)
 (-6.956844801074106499e+02-3.974087925090018416e+02j)
 (3.240209294075326625e+02-4.761811027273685113e+02j)
 (-8.442747693730120773e+02-2.958546571493863553e+02j)
 (2.736907575165716366e+02-4.916075539376086567e+02j)
 (-5.472895227140019188e+02-3.746108418832235429e+02j)
 (-7.077044994803465272e+01-4.681930496558907180e+02j)
 (2.145071998514621896e+02+5.229713528819216606e+01j)
 (-7.318096794713900977e+01-4.803254729006827120e+02j)
 (-7.954182904416920792e+02-2.818571668694596610e+02j)
 (2.938131650884841406e+02-4.764699198521319659e+02j)
 (-1.017276022337521681e+03-2.169930042807508528e+02j)
 (2.444152078408711759e+02-4.848276093721827920e+02j)
 (-6.830646763915887050e+02-3.324839991551244225e+02j)
 (-1.390399806630333615e+02-4.519284848452033998e+02j)
 (-3.785269929397571786e+02-4.726526204603513293e+02j)
 (-5.126363959570936686e+02-4.037931754498225700e+02j)
 (2.102627651512263753e+02-4.708914005601100143e+02j)
 (-9.117435981955463831e+02-2.682323289596217819e+02j)
 (3.317827953233778544e+02-4.873235582522501090e+02j)
 (-8.220273116506946280e+02-2.918289562833280684e+02j)
 (1.108723275564265549e+02-4.822855558362369948e+02j)
 (-3.584131824309985177e+02-4.167933711627870821e+02j)
